生成启动时间为 2022/11/25 14:56:33。
     1>项目“D:\C语言学习\Heap\Heap\Heap.vcxproj”在节点 2 上(Build 个目标)。
     1>ClCompile:
         E:\VS2013\VC\bin\CL.exe /c /ZI /nologo /W3 /WX- /sdl /Od /Oy- /D _MBCS /Gm /EHsc /RTC1 /MDd /GS /fp:precise /Zc:wchar_t /Zc:forScope /Fo"Debug\\" /Fd"Debug\vc120.pdb" /Gd /TC /analyze- /errorReport:prompt test.c
         test.c
     1>d:\c语言学习\heap\heap\test.c(88): error C2085: “node2”: 不在形参表中
     1>d:\c语言学习\heap\heap\test.c(88): error C2143: 语法错误 : 缺少“;”(在“=”的前面)
     1>d:\c语言学习\heap\heap\test.c(93): error C2143: 语法错误 : 缺少“{”(在“->”的前面)
     1>d:\c语言学习\heap\heap\test.c(93): error C2059: 语法错误:“->”
     1>d:\c语言学习\heap\heap\test.c(94): error C2143: 语法错误 : 缺少“{”(在“->”的前面)
     1>d:\c语言学习\heap\heap\test.c(94): error C2059: 语法错误:“->”
     1>d:\c语言学习\heap\heap\test.c(95): error C2143: 语法错误 : 缺少“{”(在“->”的前面)
     1>d:\c语言学习\heap\heap\test.c(95): error C2059: 语法错误:“->”
     1>d:\c语言学习\heap\heap\test.c(96): error C2143: 语法错误 : 缺少“{”(在“->”的前面)
     1>d:\c语言学习\heap\heap\test.c(96): error C2059: 语法错误:“->”
     1>d:\c语言学习\heap\heap\test.c(97): error C2143: 语法错误 : 缺少“{”(在“->”的前面)
     1>d:\c语言学习\heap\heap\test.c(97): error C2059: 语法错误:“->”
     1>已完成生成项目“D:\C语言学习\Heap\Heap\Heap.vcxproj”(Build 个目标)的操作 - 失败。

生成失败。

已用时间 00:00:01.24
